<?xml version="1.0" encoding="UTF-8"?>
<!-- Generated by org.testng.reporters.JUnitXMLReporter -->
<testsuite ignored="0" hostname="Naveen" failures="0" tests="15" name="GURU Bank Site Test" time="113.655" errors="0" timestamp="2024-03-22T15:18:51 IST">
  <testcase classname="com.bank.qa.testcases.LoginTest" name="loginPageTitleTest" time="2.817"/>
  <testcase classname="com.bank.qa.testcases.LoginTest" name="verifySiteLogo" time="0.167"/>
  <testcase classname="com.bank.qa.testcases.LoginTest" name="verifyLogin" time="1.992"/>
  <testcase classname="com.bank.qa.testcases.HomePageTest" name="verifyHomePageTitle" time="1.822"/>
  <testcase classname="com.bank.qa.testcases.HomePageTest" name="verifyManagerLabel" time="2.165"/>
  <testcase classname="com.bank.qa.testcases.HomePageTest" name="verifyEditLinkTest" time="2.926"/>
  <testcase classname="com.bank.qa.testcases.EditAccountPageTest" name="verifyInvalidAccountNumber" time="5.374"/>
  <testcase classname="com.bank.qa.testcases.LoginPageInvalidLoginsTest" name="verifyInvalidLogins" time="0.985"/>
  <testcase classname="com.bank.qa.testcases.LoginPageInvalidLoginsTest" name="verifyInvalidLogins" time="0.867"/>
  <testcase classname="com.bank.qa.testcases.LoginPageInvalidLoginsTest" name="verifyInvalidLogins" time="1.667"/>
  <testcase classname="com.bank.qa.testcases.LoginPageInvalidLoginsTest" name="verifyInvalidLogins" time="0.954"/>
  <testcase classname="com.bank.qa.testcases.LoginPageInvalidLoginsTest" name="verifyInvalidLogins" time="0.888"/>
  <testcase classname="com.bank.qa.testcases.LoginPageInvalidLoginsTest" name="verifyInvalidLogins" time="1.084"/>
  <testcase classname="com.bank.qa.testcases.LoginPageInvalidLoginsTest" name="verifyInvalidLogins" time="0.8"/>
  <testcase classname="com.bank.qa.testcases.LoginPageInvalidLoginsTest" name="verifyInvalidLogins" time="0.762"/>
</testsuite> <!-- GURU Bank Site Test -->
