<?xml version="1.0" encoding="UTF-8"?>
<testng-results ignored="0" total="15" passed="15" failed="0" skipped="0">
  <reporter-output>
  </reporter-output>
  <suite started-at="2024-03-22T15:16:56 IST" name="Bank Application Regression Automation Test" finished-at="2024-03-22T15:18:50 IST" duration-ms="113655">
    <groups>
    </groups>
    <test started-at="2024-03-22T15:16:56 IST" name="GURU Bank Site Test" finished-at="2024-03-22T15:18:50 IST" duration-ms="113655">
      <class name="com.bank.qa.testcases.HomePageTest">
        <test-method is-config="true" signature="setup()[pri:0, instance:com.bank.qa.testcases.HomePageTest@292b08d6]" started-at="2024-03-22T15:17:35 IST" name="setup" finished-at="2024-03-22T15:17:40 IST" duration-ms="4894" status="PASS">
          <reporter-output>
          </reporter-output>
        </test-method> <!-- setup -->
        <test-method signature="verifyHomePageTitle()[pri:1, instance:com.bank.qa.testcases.HomePageTest@292b08d6]" started-at="2024-03-22T15:17:40 IST" name="verifyHomePageTitle" finished-at="2024-03-22T15:17:42 IST" duration-ms="1822" status="PASS">
          <reporter-output>
          </reporter-output>
        </test-method> <!-- verifyHomePageTitle -->
        <test-method is-config="true" signature="tearDown()[pri:0, instance:com.bank.qa.testcases.HomePageTest@292b08d6]" started-at="2024-03-22T15:17:42 IST" name="tearDown" finished-at="2024-03-22T15:17:42 IST" duration-ms="163" status="PASS">
          <reporter-output>
          </reporter-output>
        </test-method> <!-- tearDown -->
        <test-method is-config="true" signature="setup()[pri:0, instance:com.bank.qa.testcases.HomePageTest@292b08d6]" started-at="2024-03-22T15:17:42 IST" name="setup" finished-at="2024-03-22T15:17:47 IST" duration-ms="4398" status="PASS">
          <reporter-output>
          </reporter-output>
        </test-method> <!-- setup -->
        <test-method signature="verifyManagerLabel()[pri:2, instance:com.bank.qa.testcases.HomePageTest@292b08d6]" started-at="2024-03-22T15:17:47 IST" name="verifyManagerLabel" finished-at="2024-03-22T15:17:49 IST" duration-ms="2165" status="PASS">
          <reporter-output>
          </reporter-output>
        </test-method> <!-- verifyManagerLabel -->
        <test-method is-config="true" signature="tearDown()[pri:0, instance:com.bank.qa.testcases.HomePageTest@292b08d6]" started-at="2024-03-22T15:17:49 IST" name="tearDown" finished-at="2024-03-22T15:17:49 IST" duration-ms="149" status="PASS">
          <reporter-output>
          </reporter-output>
        </test-method> <!-- tearDown -->
        <test-method is-config="true" signature="setup()[pri:0, instance:com.bank.qa.testcases.HomePageTest@292b08d6]" started-at="2024-03-22T15:17:49 IST" name="setup" finished-at="2024-03-22T15:17:53 IST" duration-ms="4379" status="PASS">
          <reporter-output>
          </reporter-output>
        </test-method> <!-- setup -->
        <test-method signature="verifyEditLinkTest()[pri:3, instance:com.bank.qa.testcases.HomePageTest@292b08d6]" started-at="2024-03-22T15:17:53 IST" name="verifyEditLinkTest" finished-at="2024-03-22T15:17:56 IST" duration-ms="2926" status="PASS">
          <reporter-output>
          </reporter-output>
        </test-method> <!-- verifyEditLinkTest -->
        <test-method is-config="true" signature="tearDown()[pri:0, instance:com.bank.qa.testcases.HomePageTest@292b08d6]" started-at="2024-03-22T15:17:56 IST" name="tearDown" finished-at="2024-03-22T15:17:57 IST" duration-ms="188" status="PASS">
          <reporter-output>
          </reporter-output>
        </test-method> <!-- tearDown -->
      </class> <!-- com.bank.qa.testcases.HomePageTest -->
      <class name="com.bank.qa.testcases.LoginTest">
        <test-method is-config="true" signature="setup()[pri:0, instance:com.bank.qa.testcases.LoginTest@55182842]" started-at="2024-03-22T15:16:57 IST" name="setup" finished-at="2024-03-22T15:17:09 IST" duration-ms="12814" status="PASS">
          <reporter-output>
          </reporter-output>
        </test-method> <!-- setup -->
        <test-method signature="loginPageTitleTest()[pri:1, instance:com.bank.qa.testcases.LoginTest@55182842]" started-at="2024-03-22T15:17:09 IST" name="loginPageTitleTest" finished-at="2024-03-22T15:17:12 IST" duration-ms="2817" status="PASS">
          <reporter-output>
          </reporter-output>
        </test-method> <!-- loginPageTitleTest -->
        <test-method is-config="true" signature="tearDown()[pri:0, instance:com.bank.qa.testcases.LoginTest@55182842]" started-at="2024-03-22T15:17:12 IST" name="tearDown" finished-at="2024-03-22T15:17:13 IST" duration-ms="470" status="PASS">
          <reporter-output>
          </reporter-output>
        </test-method> <!-- tearDown -->
        <test-method is-config="true" signature="setup()[pri:0, instance:com.bank.qa.testcases.LoginTest@55182842]" started-at="2024-03-22T15:17:13 IST" name="setup" finished-at="2024-03-22T15:17:26 IST" duration-ms="12944" status="PASS">
          <reporter-output>
          </reporter-output>
        </test-method> <!-- setup -->
        <test-method signature="verifySiteLogo()[pri:2, instance:com.bank.qa.testcases.LoginTest@55182842]" started-at="2024-03-22T15:17:26 IST" name="verifySiteLogo" finished-at="2024-03-22T15:17:26 IST" duration-ms="167" status="PASS">
          <reporter-output>
          </reporter-output>
        </test-method> <!-- verifySiteLogo -->
        <test-method is-config="true" signature="tearDown()[pri:0, instance:com.bank.qa.testcases.LoginTest@55182842]" started-at="2024-03-22T15:17:26 IST" name="tearDown" finished-at="2024-03-22T15:17:26 IST" duration-ms="96" status="PASS">
          <reporter-output>
          </reporter-output>
        </test-method> <!-- tearDown -->
        <test-method is-config="true" signature="setup()[pri:0, instance:com.bank.qa.testcases.LoginTest@55182842]" started-at="2024-03-22T15:17:26 IST" name="setup" finished-at="2024-03-22T15:17:33 IST" duration-ms="7384" status="PASS">
          <reporter-output>
          </reporter-output>
        </test-method> <!-- setup -->
        <test-method signature="verifyLogin()[pri:3, instance:com.bank.qa.testcases.LoginTest@55182842]" started-at="2024-03-22T15:17:33 IST" name="verifyLogin" finished-at="2024-03-22T15:17:35 IST" duration-ms="1992" status="PASS">
          <reporter-output>
          </reporter-output>
        </test-method> <!-- verifyLogin -->
        <test-method is-config="true" signature="tearDown()[pri:0, instance:com.bank.qa.testcases.LoginTest@55182842]" started-at="2024-03-22T15:17:35 IST" name="tearDown" finished-at="2024-03-22T15:17:35 IST" duration-ms="146" status="PASS">
          <reporter-output>
          </reporter-output>
        </test-method> <!-- tearDown -->
      </class> <!-- com.bank.qa.testcases.LoginTest -->
      <class name="com.bank.qa.testcases.LoginPageInvalidLoginsTest">
        <test-method is-config="true" signature="setup()[pri:0, instance:com.bank.qa.testcases.LoginPageInvalidLoginsTest@36ebc363]" started-at="2024-03-22T15:18:08 IST" name="setup" finished-at="2024-03-22T15:18:12 IST" duration-ms="4127" status="PASS">
          <reporter-output>
          </reporter-output>
        </test-method> <!-- setup -->
        <test-method signature="verifyInvalidLogins(java.lang.String,java.lang.String)[pri:0, instance:com.bank.qa.testcases.LoginPageInvalidLoginsTest@36ebc363]" started-at="2024-03-22T15:18:12 IST" name="verifyInvalidLogins" data-provider="getTestData" finished-at="2024-03-22T15:18:13 IST" duration-ms="985" status="PASS">
          <params>
            <param index="0">
              <value>
                <![CDATA[messi]]>
              </value>
            </param>
            <param index="1">
              <value>
                <![CDATA[asdas78]]>
              </value>
            </param>
          </params>
          <reporter-output>
          </reporter-output>
        </test-method> <!-- verifyInvalidLogins -->
        <test-method is-config="true" signature="tearDown()[pri:0, instance:com.bank.qa.testcases.LoginPageInvalidLoginsTest@36ebc363]" started-at="2024-03-22T15:18:13 IST" name="tearDown" finished-at="2024-03-22T15:18:13 IST" duration-ms="177" status="PASS">
          <reporter-output>
          </reporter-output>
        </test-method> <!-- tearDown -->
        <test-method is-config="true" signature="setup()[pri:0, instance:com.bank.qa.testcases.LoginPageInvalidLoginsTest@36ebc363]" started-at="2024-03-22T15:18:13 IST" name="setup" finished-at="2024-03-22T15:18:17 IST" duration-ms="4311" status="PASS">
          <reporter-output>
          </reporter-output>
        </test-method> <!-- setup -->
        <test-method signature="verifyInvalidLogins(java.lang.String,java.lang.String)[pri:0, instance:com.bank.qa.testcases.LoginPageInvalidLoginsTest@36ebc363]" started-at="2024-03-22T15:18:17 IST" name="verifyInvalidLogins" data-provider="getTestData" finished-at="2024-03-22T15:18:18 IST" duration-ms="867" status="PASS">
          <params>
            <param index="0">
              <value>
                <![CDATA[ronaldo]]>
              </value>
            </param>
            <param index="1">
              <value>
                <![CDATA[asdas78]]>
              </value>
            </param>
          </params>
          <reporter-output>
          </reporter-output>
        </test-method> <!-- verifyInvalidLogins -->
        <test-method is-config="true" signature="tearDown()[pri:0, instance:com.bank.qa.testcases.LoginPageInvalidLoginsTest@36ebc363]" started-at="2024-03-22T15:18:18 IST" name="tearDown" finished-at="2024-03-22T15:18:18 IST" duration-ms="136" status="PASS">
          <reporter-output>
          </reporter-output>
        </test-method> <!-- tearDown -->
        <test-method is-config="true" signature="setup()[pri:0, instance:com.bank.qa.testcases.LoginPageInvalidLoginsTest@36ebc363]" started-at="2024-03-22T15:18:18 IST" name="setup" finished-at="2024-03-22T15:18:22 IST" duration-ms="4170" status="PASS">
          <reporter-output>
          </reporter-output>
        </test-method> <!-- setup -->
        <test-method signature="verifyInvalidLogins(java.lang.String,java.lang.String)[pri:0, instance:com.bank.qa.testcases.LoginPageInvalidLoginsTest@36ebc363]" started-at="2024-03-22T15:18:22 IST" name="verifyInvalidLogins" data-provider="getTestData" finished-at="2024-03-22T15:18:24 IST" duration-ms="1667" status="PASS">
          <params>
            <param index="0">
              <value>
                <![CDATA[dhoni]]>
              </value>
            </param>
            <param index="1">
              <value>
                <![CDATA[7878asd]]>
              </value>
            </param>
          </params>
          <reporter-output>
          </reporter-output>
        </test-method> <!-- verifyInvalidLogins -->
        <test-method is-config="true" signature="tearDown()[pri:0, instance:com.bank.qa.testcases.LoginPageInvalidLoginsTest@36ebc363]" started-at="2024-03-22T15:18:24 IST" name="tearDown" finished-at="2024-03-22T15:18:24 IST" duration-ms="108" status="PASS">
          <reporter-output>
          </reporter-output>
        </test-method> <!-- tearDown -->
        <test-method is-config="true" signature="setup()[pri:0, instance:com.bank.qa.testcases.LoginPageInvalidLoginsTest@36ebc363]" started-at="2024-03-22T15:18:24 IST" name="setup" finished-at="2024-03-22T15:18:29 IST" duration-ms="4481" status="PASS">
          <reporter-output>
          </reporter-output>
        </test-method> <!-- setup -->
        <test-method signature="verifyInvalidLogins(java.lang.String,java.lang.String)[pri:0, instance:com.bank.qa.testcases.LoginPageInvalidLoginsTest@36ebc363]" started-at="2024-03-22T15:18:29 IST" name="verifyInvalidLogins" data-provider="getTestData" finished-at="2024-03-22T15:18:30 IST" duration-ms="954" status="PASS">
          <params>
            <param index="0">
              <value>
                <![CDATA[chris]]>
              </value>
            </param>
            <param index="1">
              <value>
                <![CDATA[4a5s5]]>
              </value>
            </param>
          </params>
          <reporter-output>
          </reporter-output>
        </test-method> <!-- verifyInvalidLogins -->
        <test-method is-config="true" signature="tearDown()[pri:0, instance:com.bank.qa.testcases.LoginPageInvalidLoginsTest@36ebc363]" started-at="2024-03-22T15:18:30 IST" name="tearDown" finished-at="2024-03-22T15:18:30 IST" duration-ms="141" status="PASS">
          <reporter-output>
          </reporter-output>
        </test-method> <!-- tearDown -->
        <test-method is-config="true" signature="setup()[pri:0, instance:com.bank.qa.testcases.LoginPageInvalidLoginsTest@36ebc363]" started-at="2024-03-22T15:18:30 IST" name="setup" finished-at="2024-03-22T15:18:34 IST" duration-ms="4516" status="PASS">
          <reporter-output>
          </reporter-output>
        </test-method> <!-- setup -->
        <test-method signature="verifyInvalidLogins(java.lang.String,java.lang.String)[pri:0, instance:com.bank.qa.testcases.LoginPageInvalidLoginsTest@36ebc363]" started-at="2024-03-22T15:18:34 IST" name="verifyInvalidLogins" data-provider="getTestData" finished-at="2024-03-22T15:18:35 IST" duration-ms="888" status="PASS">
          <params>
            <param index="0">
              <value>
                <![CDATA[dave]]>
              </value>
            </param>
            <param index="1">
              <value>
                <![CDATA[asd5]]>
              </value>
            </param>
          </params>
          <reporter-output>
          </reporter-output>
        </test-method> <!-- verifyInvalidLogins -->
        <test-method is-config="true" signature="tearDown()[pri:0, instance:com.bank.qa.testcases.LoginPageInvalidLoginsTest@36ebc363]" started-at="2024-03-22T15:18:35 IST" name="tearDown" finished-at="2024-03-22T15:18:35 IST" duration-ms="110" status="PASS">
          <reporter-output>
          </reporter-output>
        </test-method> <!-- tearDown -->
        <test-method is-config="true" signature="setup()[pri:0, instance:com.bank.qa.testcases.LoginPageInvalidLoginsTest@36ebc363]" started-at="2024-03-22T15:18:35 IST" name="setup" finished-at="2024-03-22T15:18:39 IST" duration-ms="3915" status="PASS">
          <reporter-output>
          </reporter-output>
        </test-method> <!-- setup -->
        <test-method signature="verifyInvalidLogins(java.lang.String,java.lang.String)[pri:0, instance:com.bank.qa.testcases.LoginPageInvalidLoginsTest@36ebc363]" started-at="2024-03-22T15:18:39 IST" name="verifyInvalidLogins" data-provider="getTestData" finished-at="2024-03-22T15:18:40 IST" duration-ms="1084" status="PASS">
          <params>
            <param index="0">
              <value>
                <![CDATA[dove]]>
              </value>
            </param>
            <param index="1">
              <value>
                <![CDATA[aswe4]]>
              </value>
            </param>
          </params>
          <reporter-output>
          </reporter-output>
        </test-method> <!-- verifyInvalidLogins -->
        <test-method is-config="true" signature="tearDown()[pri:0, instance:com.bank.qa.testcases.LoginPageInvalidLoginsTest@36ebc363]" started-at="2024-03-22T15:18:40 IST" name="tearDown" finished-at="2024-03-22T15:18:40 IST" duration-ms="123" status="PASS">
          <reporter-output>
          </reporter-output>
        </test-method> <!-- tearDown -->
        <test-method is-config="true" signature="setup()[pri:0, instance:com.bank.qa.testcases.LoginPageInvalidLoginsTest@36ebc363]" started-at="2024-03-22T15:18:40 IST" name="setup" finished-at="2024-03-22T15:18:44 IST" duration-ms="3794" status="PASS">
          <reporter-output>
          </reporter-output>
        </test-method> <!-- setup -->
        <test-method signature="verifyInvalidLogins(java.lang.String,java.lang.String)[pri:0, instance:com.bank.qa.testcases.LoginPageInvalidLoginsTest@36ebc363]" started-at="2024-03-22T15:18:44 IST" name="verifyInvalidLogins" data-provider="getTestData" finished-at="2024-03-22T15:18:45 IST" duration-ms="800" status="PASS">
          <params>
            <param index="0">
              <value>
                <![CDATA[mike]]>
              </value>
            </param>
            <param index="1">
              <value>
                <![CDATA[asdas2]]>
              </value>
            </param>
          </params>
          <reporter-output>
          </reporter-output>
        </test-method> <!-- verifyInvalidLogins -->
        <test-method is-config="true" signature="tearDown()[pri:0, instance:com.bank.qa.testcases.LoginPageInvalidLoginsTest@36ebc363]" started-at="2024-03-22T15:18:45 IST" name="tearDown" finished-at="2024-03-22T15:18:45 IST" duration-ms="127" status="PASS">
          <reporter-output>
          </reporter-output>
        </test-method> <!-- tearDown -->
        <test-method is-config="true" signature="setup()[pri:0, instance:com.bank.qa.testcases.LoginPageInvalidLoginsTest@36ebc363]" started-at="2024-03-22T15:18:45 IST" name="setup" finished-at="2024-03-22T15:18:49 IST" duration-ms="3992" status="PASS">
          <reporter-output>
          </reporter-output>
        </test-method> <!-- setup -->
        <test-method signature="verifyInvalidLogins(java.lang.String,java.lang.String)[pri:0, instance:com.bank.qa.testcases.LoginPageInvalidLoginsTest@36ebc363]" started-at="2024-03-22T15:18:49 IST" name="verifyInvalidLogins" data-provider="getTestData" finished-at="2024-03-22T15:18:50 IST" duration-ms="762" status="PASS">
          <params>
            <param index="0">
              <value>
                <![CDATA[naveen]]>
              </value>
            </param>
            <param index="1">
              <value>
                <![CDATA[asdasd7545]]>
              </value>
            </param>
          </params>
          <reporter-output>
          </reporter-output>
        </test-method> <!-- verifyInvalidLogins -->
        <test-method is-config="true" signature="tearDown()[pri:0, instance:com.bank.qa.testcases.LoginPageInvalidLoginsTest@36ebc363]" started-at="2024-03-22T15:18:50 IST" name="tearDown" finished-at="2024-03-22T15:18:50 IST" duration-ms="118" status="PASS">
          <reporter-output>
          </reporter-output>
        </test-method> <!-- tearDown -->
      </class> <!-- com.bank.qa.testcases.LoginPageInvalidLoginsTest -->
      <class name="com.bank.qa.testcases.EditAccountPageTest">
        <test-method is-config="true" signature="setUp()[pri:0, instance:com.bank.qa.testcases.EditAccountPageTest@22555ebf]" started-at="2024-03-22T15:17:57 IST" name="setUp" finished-at="2024-03-22T15:18:01 IST" duration-ms="4842" status="PASS">
          <reporter-output>
          </reporter-output>
        </test-method> <!-- setUp -->
        <test-method signature="verifyInvalidAccountNumber()[pri:1, instance:com.bank.qa.testcases.EditAccountPageTest@22555ebf]" started-at="2024-03-22T15:18:01 IST" name="verifyInvalidAccountNumber" finished-at="2024-03-22T15:18:07 IST" duration-ms="5374" status="PASS">
          <reporter-output>
          </reporter-output>
        </test-method> <!-- verifyInvalidAccountNumber -->
        <test-method is-config="true" signature="tearDown()[pri:0, instance:com.bank.qa.testcases.EditAccountPageTest@22555ebf]" started-at="2024-03-22T15:18:07 IST" name="tearDown" finished-at="2024-03-22T15:18:07 IST" duration-ms="149" status="PASS">
          <reporter-output>
          </reporter-output>
        </test-method> <!-- tearDown -->
      </class> <!-- com.bank.qa.testcases.EditAccountPageTest -->
    </test> <!-- GURU Bank Site Test -->
  </suite> <!-- Bank Application Regression Automation Test -->
</testng-results>
